TN:
SF:src\services\slices\constructorSlice.ts
FN:16,(anonymous_0)
FN:22,(anonymous_1)
FN:36,(anonymous_2)
FN:43,(anonymous_3)
FN:48,(anonymous_4)
FN:51,(anonymous_5)
FN:55,(anonymous_6)
FN:61,(anonymous_7)
FNF:8
FNH:8
FNDA:2,(anonymous_0)
FNDA:4,(anonymous_1)
FNDA:2,(anonymous_2)
FNDA:1,(anonymous_3)
FNDA:1,(anonymous_4)
FNDA:1,(anonymous_5)
FNDA:1,(anonymous_6)
FNDA:1,(anonymous_7)
DA:9,1
DA:16,1
DA:21,2
DA:22,4
DA:25,2
DA:26,2
DA:27,2
DA:29,2
DA:32,1
DA:37,2
DA:38,1
DA:40,1
DA:47,1
DA:48,1
DA:52,1
DA:53,1
DA:59,1
DA:65,1
DA:76,1
LF:19
LH:19
BRDA:37,0,0,1
BRDA:37,0,1,1
BRF:2
BRH:2
end_of_record
